-------------------------------------------------------------------------------
Test set: com.mycompany.app.AppTest
-------------------------------------------------------------------------------
Tests run: 8, Failures: 1, Errors: 0, Skipped: 0, Time elapsed: 0.094 s <<< FAILURE! - in com.mycompany.app.AppTest
testStringWithNumbers(com.mycompany.app.AppTest)  Time elapsed: 0.016 s  <<< FAILURE!
org.junit.ComparisonFailure: expected:<323[]> but was:<323[]>
	at com.mycompany.app.AppTest.testStringWithNumbers(AppTest.java:62)

