<?xml version="1.0" encoding="UTF-8"?>
<testsuite xmlns:xsi="http://www.w3.org/2001/XMLSchema-instance" xsi:noNamespaceSchemaLocation="https://maven.apache.org/surefire/maven-surefire-plugin/xsd/surefire-test-report.xsd" name="com.mycompany.app.AppTest" time="0.094" tests="8" errors="0" skipped="0" failures="1">
  <properties>
[...]
</properties>
  <testcase name="testSignsString" classname="com.mycompany.app.AppTest" time="0.015"/>
  <testcase name="shouldAnswerWithTrue" classname="com.mycompany.app.AppTest" time="0"/>
  <testcase name="testDefaultString" classname="com.mycompany.app.AppTest" time="0"/>
  <testcase name="testStringWithOneSymbol" classname="com.mycompany.app.AppTest" time="0"/>
  <testcase name="testSpacesString" classname="com.mycompany.app.AppTest" time="0"/>
  <testcase name="testTechnicalTaskString" classname="com.mycompany.app.AppTest" time="0"/>
  <testcase name="testEmptyString" classname="com.mycompany.app.AppTest" time="0"/>
  <testcase name="testStringWithNumbers" classname="com.mycompany.app.AppTest" time="0.016">
    <failure message="expected:&lt;л3д2к3[]&gt; but was:&lt;л3д2к3[в]&gt;" type="org.junit.ComparisonFailure"><![CDATA[org.junit.ComparisonFailure: expected:<л3д2к3[]> but was:<л3д2к3[в]>
	at com.mycompany.app.AppTest.testStringWithNumbers(AppTest.java:62)
]]></failure>
  </testcase>
</testsuite>